push/build/outputs/logs/manifest-merger-release-report.txt
-- Merging decision tree log ---
manifest
ADDED from src/main/AndroidManifest.xml:1:1-45:12
INJECTED from src/main/AndroidManifest.xml:1:1-45:12
INJECTED from src/main/AndroidManifest.xml:1:1-45:12
INJECTED from src/main/AndroidManifest.xml:1:1-45:12
INJECTED from src/main/AndroidManifest.xml:1:1-45:12
INJECTED from src/main/AndroidManifest.xml:1:1-45:12
INJECTED from src/main/AndroidManifest.xml:1:1-45:12
	package
		ADDED from src/main/AndroidManifest.xml:2:5-37
		INJECTED from src/main/AndroidManifest.xml
		INJECTED from src/main/AndroidManifest.xml
	android:versionName
		INJECTED from src/main/AndroidManifest.xml
		ADDED from src/main/AndroidManifest.xml:1:1-45:12
		INJECTED from src/main/AndroidManifest.xml
	android:versionCode
		INJECTED from src/main/AndroidManifest.xml
		ADDED from src/main/AndroidManifest.xml:1:1-45:12
		INJECTED from src/main/AndroidManifest.xml
	xmlns:android
		ADDED from src/main/AndroidManifest.xml:1:11-69
application
ADDED from src/main/AndroidManifest.xml:5:5-44:19
receiver#com.weiyian.push.push.hwpush.HWPushReceiver
ADDED from src/main/AndroidManifest.xml:7:9-22:20
	android:permission
		ADDED from src/main/AndroidManifest.xml:9:13-79
	android:name
		ADDED from src/main/AndroidManifest.xml:8:13-71
intent-filter#action:name:com.huawei.android.push.intent.CLICK+action:name:com.huawei.android.push.intent.RECEIVE+action:name:com.huawei.android.push.intent.REGISTRATION+action:name:com.huawei.intent.action.PUSH_STATE
ADDED from src/main/AndroidManifest.xml:11:13-20:29
action#com.huawei.android.push.intent.REGISTRATION
ADDED from src/main/AndroidManifest.xml:13:17-86
	android:name
		ADDED from src/main/AndroidManifest.xml:13:25-83
action#com.huawei.android.push.intent.RECEIVE
ADDED from src/main/AndroidManifest.xml:15:17-81
	android:name
		ADDED from src/main/AndroidManifest.xml:15:25-78
action#com.huawei.android.push.intent.CLICK
ADDED from src/main/AndroidManifest.xml:17:17-79
	android:name
		ADDED from src/main/AndroidManifest.xml:17:25-76
action#com.huawei.intent.action.PUSH_STATE
ADDED from src/main/AndroidManifest.xml:19:17-78
	android:name
		ADDED from src/main/AndroidManifest.xml:19:25-75
receiver#com.weiyian.push.push.mipush.MiPushMessageReceiver
ADDED from src/main/AndroidManifest.xml:28:9-40:20
	android:exported
		ADDED from src/main/AndroidManifest.xml:30:13-36
	android:name
		ADDED from src/main/AndroidManifest.xml:29:13-78
intent-filter#action:name:com.xiaomi.mipush.RECEIVE_MESSAGE
ADDED from src/main/AndroidManifest.xml:31:13-33:29
action#com.xiaomi.mipush.RECEIVE_MESSAGE
ADDED from src/main/AndroidManifest.xml:32:17-76
	android:name
		ADDED from src/main/AndroidManifest.xml:32:25-73
intent-filter#action:name:com.xiaomi.mipush.MESSAGE_ARRIVED
ADDED from src/main/AndroidManifest.xml:34:13-36:29
action#com.xiaomi.mipush.MESSAGE_ARRIVED
ADDED from src/main/AndroidManifest.xml:35:17-76
	android:name
		ADDED from src/main/AndroidManifest.xml:35:25-73
intent-filter#action:name:com.xiaomi.mipush.ERROR
ADDED from src/main/AndroidManifest.xml:37:13-39:29
action#com.xiaomi.mipush.ERROR
ADDED from src/main/AndroidManifest.xml:38:17-66
	android:name
		ADDED from src/main/AndroidManifest.xml:38:25-63
uses-sdk
INJECTED from src/main/AndroidManifest.xml reason: use-sdk injection requested
INJECTED from src/main/AndroidManifest.xml
INJECTED from src/main/AndroidManifest.xml
INJECTED from src/main/AndroidManifest.xml
INJECTED from src/main/AndroidManifest.xml
	android:targetSdkVersion
		INJECTED from src/main/AndroidManifest.xml
		ADDED from src/main/AndroidManifest.xml
		INJECTED from src/main/AndroidManifest.xml
	android:minSdkVersion
		INJECTED from src/main/AndroidManifest.xml
		ADDED from src/main/AndroidManifest.xml
		INJECTED from src/main/AndroidManifest.xml